<?xml version="1.0" encoding="UTF-8" ?>
<testsuite tests="4" failures="0" name="testSelectionSort" time="0.001" errors="0" skipped="0">
  <properties>
[...]
</properties>
  <testcase classname="testSelectionSort" name="testSelectionSort.testPositive" time="0.001"/>
  <testcase classname="testSelectionSort" name="testSelectionSort.testNegative" time="0"/>
  <testcase classname="testSelectionSort" name="testSelectionSort.testMixed" time="0"/>
  <testcase classname="testSelectionSort" name="testSelectionSort.testDuplicates" time="0"/>
</testsuite>